<?xml version="1.0" encoding="utf-8"?><testsuites name="pytest tests"><testsuite name="pytest" errors="0" failures="0" skipped="0" tests="19" time="10.055" timestamp="2026-08-06T01:11:41.090461+00:00" hostname="agent-env-7b5b1a89-01a5-4331-94d0-27884771cfc3"><testcase classname="tests.backend_test.TestAdmin" name="test_login_ok" time="0.289" /><testcase classname="tests.backend_test.TestPayments" name="test_checkout_success" time="0.873" /><testcase classname="tests.backend_test.TestAdmin" name="test_login_wrong_key" time="0.582" /><testcase classname="tests.backend_test.TestAdmin" name="test_overview" time="0.082" /><testcase classname="tests.backend_test.TestPayments" name="test_checkout_invalid_telegram_id" time="0.123" /><testcase classname="tests.backend_test.TestAdmin" name="test_users_list" time="0.072" /><testcase classname="tests.backend_test.TestPayments" name="test_checkout_unknown_package" time="0.061" /><testcase classname="tests.backend_test.TestAdmin" name="test_broadcast" time="0.082" /><testcase classname="tests.backend_test.TestPayments" name="test_status_endpoint" time="0.809" /><testcase classname="tests.backend_test.TestPublicAPIs" name="test_root" time="0.446" /><testcase classname="tests.backend_test.TestPublicAPIs" name="test_stats_public" time="0.117" /><testcase classname="tests.backend_test.TestPublicAPIs" name="test_plans" time="0.208" /><testcase classname="tests.backend_test.TestWebhookBasics" name="test_wrong_secret_403" time="0.171" /><testcase classname="tests.backend_test.TestBotToolFlow" name="test_callback_sets_state_then_ip_scan" time="3.051" /><testcase classname="tests.backend_test.TestWebhookBasics" name="test_start_creates_user" time="0.576" /><testcase classname="tests.backend_test.TestWebhookBasics" name="test_webhook_never_500_on_bad_update" time="0.128" /><testcase classname="tests.backend_test.TestOSINTFunctions" name="test_all_tools_return_non_empty_html" time="0.956" /><testcase classname="tests.backend_test.TestReferral" name="test_referral_credit" time="1.079" /><testcase classname="tests.backend_test.TestCTF" name="test_ctf_correct_flag" time="3.316" /></testsuite></testsuites>