<?xml version="1.0" encoding="utf-8"?><testsuites name="pytest tests"><testsuite name="pytest" errors="0" failures="0" skipped="0" tests="42" time="29.416" timestamp="2026-08-06T02:12:55.226121+00:00" hostname="agent-env-7b5b1a89-01a5-4331-94d0-27884771cfc3"><testcase classname="tests.backend_test.TestAdmin" name="test_login_ok" time="0.225" /><testcase classname="tests.backend_test.TestPayments" name="test_checkout_success" time="0.867" /><testcase classname="tests.backend_test.TestAdmin" name="test_login_wrong_key" time="0.632" /><testcase classname="tests.backend_test.TestAdmin" name="test_overview" time="0.050" /><testcase classname="tests.backend_test.TestPayments" name="test_checkout_invalid_telegram_id" time="0.049" /><testcase classname="tests.backend_test.TestAdmin" name="test_users_list" time="0.053" /><testcase classname="tests.backend_test.TestPayments" name="test_checkout_unknown_package" time="0.049" /><testcase classname="tests.backend_test.TestAdmin" name="test_broadcast" time="1.045" /><testcase classname="tests.backend_test.TestPayments" name="test_status_endpoint" time="0.736" /><testcase classname="tests.backend_test.TestLocEndpoints" name="test_loc_get_pending" time="0.059" /><testcase classname="tests.backend_test.TestLocEndpoints" name="test_loc_unknown_404" time="0.050" /><testcase classname="tests.backend_test.TestLocEndpoints" name="test_loc_submit_sets_shared" time="0.463" /><testcase classname="tests.backend_test.TestNewOSINTTools" name="test_url_malware_scan_phishing" time="0.782" /><testcase classname="tests.backend_test.TestLocEndpoints" name="test_loc_decline_sets_declined" time="0.054" /><testcase classname="tests.backend_test.TestPublicAPIs" name="test_root" time="0.056" /><testcase classname="tests.backend_test.TestPublicAPIs" name="test_stats_public" time="0.047" /><testcase classname="tests.backend_test.TestPublicAPIs" name="test_plans" time="0.049" /><testcase classname="tests.backend_test.TestWebhookBasics" name="test_wrong_secret_403" time="0.110" /><testcase classname="tests.backend_test.TestWebhookBasics" name="test_start_creates_user" time="0.603" /><testcase classname="tests.backend_test.TestNewOSINTTools" name="test_google_dorks_links" time="0.000" /><testcase classname="tests.backend_test.TestNewOSINTTools" name="test_password_generator_length_20" time="0.000" /><testcase classname="tests.backend_test.TestNewOSINTTools" name="test_email_breach_detailed" time="0.160" /><testcase classname="tests.backend_test.TestTelegramPublicInfo" name="test_public_channel" time="1.051" /><testcase classname="tests.backend_test.TestWebhookBasics" name="test_webhook_never_500_on_bad_update" time="0.374" /><testcase classname="tests.backend_test.TestNewToolWebhookFlows" name="test_urlmal_flow" time="3.416" /><testcase classname="tests.backend_test.TestTelegramPublicInfo" name="test_invalid_username" time="0.000" /><testcase classname="tests.backend_test.TestAdminUpgradeUser" name="test_upgrade_by_id_and_username" time="8.869" /><testcase classname="tests.backend_test.TestNewToolWebhookFlows" name="test_genpass_flow_not_rate_limited" time="2.946" /><testcase classname="tests.backend_test.TestNewToolWebhookFlows" name="test_loc_creates_pending_request" time="2.148" /><testcase classname="tests.backend_test.TestGuideAndAdminMenu" name="test_guide_callbacks_no_500" time="6.662" /><testcase classname="tests.backend_test.TestAdminUpgradeUser" name="test_non_admin_adm_callback_rejected" time="1.535" /><testcase classname="tests.backend_test.TestForcedSubscription" name="test_set_and_clear_forced_channel" time="4.520" /><testcase classname="tests.backend_test.TestGuideAndAdminMenu" name="test_admin_menu_has_admin_panel_button" time="0.449" /><testcase classname="tests.backend_test.TestForcedSubscription" name="test_is_member_fail_open" time="0.409" /><testcase classname="tests.backend_test.TestBotToolFlow" name="test_callback_sets_state_then_ip_scan" time="3.495" /><testcase classname="tests.backend_test.TestReferral" name="test_referral_credit" time="1.149" /><testcase classname="tests.backend_test.TestOSINTFunctions" name="test_all_tools_return_non_empty_html" time="0.651" /><testcase classname="tests.backend_test.TestInBotAdminLogin" name="test_admin_trigger_and_password" time="2.802" /><testcase classname="tests.backend_test.TestCTF" name="test_ctf_correct_flag" time="3.704" /><testcase classname="tests.backend_test.TestDailyBonus" name="test_bonus_once_per_day" time="4.340" /><testcase classname="tests.backend_test.TestPlansCount" name="test_four_plans" time="0.048" /><testcase classname="tests.backend_test.TestZZZ_ForcedChannelCleanup" name="test_forced_channel_is_cleared" time="0.002" /></testsuite></testsuites>